\BOOKMARK [1][-]{section.1}{\376\377\000O\000v\000e\000r\000v\000i\000e\000w}{}% 1
\BOOKMARK [2][-]{subsection.1.1}{\376\377\000A\000r\000c\000h\000i\000t\000e\000c\000t\000u\000r\000a\000l\000\040\000c\000o\000n\000t\000r\000a\000c\000t}{section.1}% 2
\BOOKMARK [2][-]{subsection.1.2}{\376\377\000E\000v\000e\000n\000t\000\040\000t\000y\000p\000e\000s\000\040\000\050\000c\000a\000n\000o\000n\000i\000c\000a\000l\000\051}{section.1}% 3
\BOOKMARK [2][-]{subsection.1.3}{\376\377\000N\000o\000t\000a\000t\000i\000o\000n\000\040\000u\000s\000e\000d\000\040\000i\000n\000\040\000t\000h\000i\000s\000\040\000d\000o\000c\000u\000m\000e\000n\000t}{section.1}% 4
\BOOKMARK [1][-]{section.2}{\376\377\000M\000o\000d\000u\000l\000e\000\040\000c\000o\000r\000e\000/}{}% 5
\BOOKMARK [2][-]{subsection.2.1}{\376\377\000c\000o\000r\000e\000.\000c\000l\000o\000c\000k}{section.2}% 6
\BOOKMARK [2][-]{subsection.2.2}{\376\377\000c\000o\000r\000e\000.\000e\000n\000u\000m\000s}{section.2}% 7
\BOOKMARK [2][-]{subsection.2.3}{\376\377\000c\000o\000r\000e\000.\000e\000x\000c\000e\000p\000t\000i\000o\000n\000s}{section.2}% 8
\BOOKMARK [2][-]{subsection.2.4}{\376\377\000c\000o\000r\000e\000.\000i\000d\000e\000n\000t\000i\000f\000i\000e\000r\000s}{section.2}% 9
\BOOKMARK [2][-]{subsection.2.5}{\376\377\000c\000o\000r\000e\000.\000l\000o\000g\000g\000i\000n\000g}{section.2}% 10
\BOOKMARK [2][-]{subsection.2.6}{\376\377\000c\000o\000r\000e\000.\000e\000v\000e\000n\000t\000s}{section.2}% 11
\BOOKMARK [1][-]{section.3}{\376\377\000M\000o\000d\000u\000l\000e\000\040\000c\000o\000n\000f\000i\000g\000/}{}% 12
\BOOKMARK [1][-]{section.4}{\376\377\000M\000o\000d\000u\000l\000e\000\040\000m\000a\000r\000k\000e\000t\000\137\000d\000a\000t\000a\000/}{}% 13
\BOOKMARK [2][-]{subsection.4.1}{\376\377\000m\000a\000r\000k\000e\000t\000\137\000d\000a\000t\000a\000.\000b\000a\000s\000e}{section.4}% 14
\BOOKMARK [2][-]{subsection.4.2}{\376\377\000m\000a\000r\000k\000e\000t\000\137\000d\000a\000t\000a\000.\000b\000l\000o\000o\000m\000b\000e\000r\000g\000\137\000p\000r\000o\000v\000i\000d\000e\000r}{section.4}% 15
\BOOKMARK [2][-]{subsection.4.3}{\376\377\000m\000a\000r\000k\000e\000t\000\137\000d\000a\000t\000a\000.\000m\000o\000c\000k\000\137\000p\000r\000o\000v\000i\000d\000e\000r}{section.4}% 16
\BOOKMARK [2][-]{subsection.4.4}{\376\377\000m\000a\000r\000k\000e\000t\000\137\000d\000a\000t\000a\000.\000b\000a\000r\000\137\000b\000u\000i\000l\000d\000e\000r}{section.4}% 17
\BOOKMARK [2][-]{subsection.4.5}{\376\377\000m\000a\000r\000k\000e\000t\000\137\000d\000a\000t\000a\000.\000t\000i\000c\000k\000\137\000s\000t\000o\000r\000e}{section.4}% 18
\BOOKMARK [2][-]{subsection.4.6}{\376\377\000m\000a\000r\000k\000e\000t\000\137\000d\000a\000t\000a\000.\000c\000o\000n\000t\000r\000a\000c\000t\000\137\000r\000e\000s\000o\000l\000v\000e\000r}{section.4}% 19
\BOOKMARK [2][-]{subsection.4.7}{\376\377\000m\000a\000r\000k\000e\000t\000\137\000d\000a\000t\000a\000.\000s\000t\000a\000l\000e\000\137\000d\000a\000t\000a\000\137\000m\000o\000n\000i\000t\000o\000r}{section.4}% 20
\BOOKMARK [1][-]{section.5}{\376\377\000M\000o\000d\000u\000l\000e\000\040\000s\000t\000r\000a\000t\000e\000g\000y\000/}{}% 21
\BOOKMARK [2][-]{subsection.5.1}{\376\377\000s\000t\000r\000a\000t\000e\000g\000y\000.\000b\000a\000s\000e}{section.5}% 22
\BOOKMARK [2][-]{subsection.5.2}{\376\377\000s\000t\000r\000a\000t\000e\000g\000y\000.\000i\000n\000d\000i\000c\000a\000t\000o\000r\000s}{section.5}% 23
\BOOKMARK [2][-]{subsection.5.3}{\376\377\000s\000t\000r\000a\000t\000e\000g\000y\000.\000s\000i\000g\000n\000a\000l\000\137\000s\000t\000a\000t\000e}{section.5}% 24
\BOOKMARK [2][-]{subsection.5.4}{\376\377\000s\000t\000r\000a\000t\000e\000g\000y\000.\000t\000a\000r\000g\000e\000t\000\137\000p\000o\000s\000i\000t\000i\000o\000n}{section.5}% 25
\BOOKMARK [2][-]{subsection.5.5}{\376\377\000s\000t\000r\000a\000t\000e\000g\000y\000.\000m\000i\000n\000u\000t\000e\000\137\000s\000t\000r\000a\000t\000e\000g\000y}{section.5}% 26
\BOOKMARK [2][-]{subsection.5.6}{\376\377\000s\000t\000r\000a\000t\000e\000g\000y\000.\000r\000o\000l\000l\000\137\000l\000o\000g\000i\000c}{section.5}% 27
\BOOKMARK [1][-]{section.6}{\376\377\000M\000o\000d\000u\000l\000e\000\040\000p\000o\000r\000t\000f\000o\000l\000i\000o\000/}{}% 28
\BOOKMARK [2][-]{subsection.6.1}{\376\377\000p\000o\000r\000t\000f\000o\000l\000i\000o\000.\000p\000o\000s\000i\000t\000i\000o\000n\000s}{section.6}% 29
\BOOKMARK [2][-]{subsection.6.2}{\376\377\000p\000o\000r\000t\000f\000o\000l\000i\000o\000.\000f\000i\000l\000l\000s}{section.6}% 30
\BOOKMARK [2][-]{subsection.6.3}{\376\377\000p\000o\000r\000t\000f\000o\000l\000i\000o\000.\000p\000n\000l}{section.6}% 31
\BOOKMARK [2][-]{subsection.6.4}{\376\377\000p\000o\000r\000t\000f\000o\000l\000i\000o\000.\000e\000x\000p\000o\000s\000u\000r\000e}{section.6}% 32
\BOOKMARK [2][-]{subsection.6.5}{\376\377\000p\000o\000r\000t\000f\000o\000l\000i\000o\000.\000r\000e\000c\000o\000n\000c\000i\000l\000i\000a\000t\000i\000o\000n}{section.6}% 33
\BOOKMARK [1][-]{section.7}{\376\377\000M\000o\000d\000u\000l\000e\000\040\000o\000r\000d\000e\000r\000s\000/}{}% 34
\BOOKMARK [2][-]{subsection.7.1}{\376\377\000o\000r\000d\000e\000r\000s\000.\000m\000o\000d\000e\000l\000s}{section.7}% 35
\BOOKMARK [2][-]{subsection.7.2}{\376\377\000o\000r\000d\000e\000r\000s\000.\000i\000d\000e\000m\000p\000o\000t\000e\000n\000c\000y}{section.7}% 36
\BOOKMARK [2][-]{subsection.7.3}{\376\377\000o\000r\000d\000e\000r\000s\000.\000t\000h\000r\000o\000t\000t\000l\000e\000s}{section.7}% 37
\BOOKMARK [2][-]{subsection.7.4}{\376\377\000o\000r\000d\000e\000r\000s\000.\000s\000i\000z\000i\000n\000g}{section.7}% 38
\BOOKMARK [2][-]{subsection.7.5}{\376\377\000o\000r\000d\000e\000r\000s\000.\000l\000i\000f\000e\000c\000y\000c\000l\000e}{section.7}% 39
\BOOKMARK [2][-]{subsection.7.6}{\376\377\000o\000r\000d\000e\000r\000s\000.\000o\000r\000d\000e\000r\000\137\000m\000a\000n\000a\000g\000e\000r}{section.7}% 40
\BOOKMARK [1][-]{section.8}{\376\377\000M\000o\000d\000u\000l\000e\000\040\000r\000i\000s\000k\000/}{}% 41
\BOOKMARK [2][-]{subsection.8.1}{\376\377\000r\000i\000s\000k\000.\000l\000i\000m\000i\000t\000s}{section.8}% 42
\BOOKMARK [2][-]{subsection.8.2}{\376\377\000r\000i\000s\000k\000.\000v\000a\000l\000i\000d\000a\000t\000i\000o\000n\000s}{section.8}% 43
\BOOKMARK [2][-]{subsection.8.3}{\376\377\000r\000i\000s\000k\000.\000s\000e\000s\000s\000i\000o\000n\000\137\000c\000h\000e\000c\000k\000s}{section.8}% 44
\BOOKMARK [2][-]{subsection.8.4}{\376\377\000r\000i\000s\000k\000.\000k\000i\000l\000l\000\137\000s\000w\000i\000t\000c\000h}{section.8}% 45
\BOOKMARK [2][-]{subsection.8.5}{\376\377\000r\000i\000s\000k\000.\000p\000r\000e\000\137\000t\000r\000a\000d\000e}{section.8}% 46
\BOOKMARK [1][-]{section.9}{\376\377\000M\000o\000d\000u\000l\000e\000\040\000e\000x\000e\000c\000u\000t\000i\000o\000n\000/}{}% 47
\BOOKMARK [2][-]{subsection.9.1}{\376\377\000e\000x\000e\000c\000u\000t\000i\000o\000n\000.\000b\000a\000s\000e}{section.9}% 48
\BOOKMARK [2][-]{subsection.9.2}{\376\377\000e\000x\000e\000c\000u\000t\000i\000o\000n\000.\000e\000m\000s\000x\000\137\000m\000a\000p\000p\000e\000r}{section.9}% 49
\BOOKMARK [2][-]{subsection.9.3}{\376\377\000e\000x\000e\000c\000u\000t\000i\000o\000n\000.\000e\000m\000s\000x\000\137\000r\000e\000q\000u\000e\000s\000t\000s}{section.9}% 50
\BOOKMARK [2][-]{subsection.9.4}{\376\377\000e\000x\000e\000c\000u\000t\000i\000o\000n\000.\000e\000m\000s\000x\000\137\000s\000u\000b\000s\000c\000r\000i\000p\000t\000i\000o\000n\000s}{section.9}% 51
\BOOKMARK [2][-]{subsection.9.5}{\376\377\000e\000x\000e\000c\000u\000t\000i\000o\000n\000.\000e\000m\000s\000x\000\137\000s\000t\000a\000t\000e\000\137\000m\000a\000c\000h\000i\000n\000e}{section.9}% 52
\BOOKMARK [2][-]{subsection.9.6}{\376\377\000e\000x\000e\000c\000u\000t\000i\000o\000n\000.\000e\000m\000s\000x\000\137\000a\000d\000a\000p\000t\000e\000r}{section.9}% 53
\BOOKMARK [2][-]{subsection.9.7}{\376\377\000e\000x\000e\000c\000u\000t\000i\000o\000n\000.\000p\000a\000p\000e\000r\000\137\000a\000d\000a\000p\000t\000e\000r}{section.9}% 54
\BOOKMARK [1][-]{section.10}{\376\377\000M\000o\000d\000u\000l\000e\000\040\000s\000t\000o\000r\000a\000g\000e\000/}{}% 55
\BOOKMARK [2][-]{subsection.10.1}{\376\377\000s\000t\000o\000r\000a\000g\000e\000.\000d\000b}{section.10}% 56
\BOOKMARK [2][-]{subsection.10.2}{\376\377\000s\000t\000o\000r\000a\000g\000e\000.\000e\000v\000e\000n\000t\000\137\000l\000o\000g}{section.10}% 57
\BOOKMARK [2][-]{subsection.10.3}{\376\377\000s\000t\000o\000r\000a\000g\000e\000.\000r\000e\000p\000o\000s\000i\000t\000o\000r\000i\000e\000s}{section.10}% 58
\BOOKMARK [2][-]{subsection.10.4}{\376\377\000s\000t\000o\000r\000a\000g\000e\000.\000s\000n\000a\000p\000s\000h\000o\000t\000s}{section.10}% 59
\BOOKMARK [1][-]{section.11}{\376\377\000M\000o\000d\000u\000l\000e\000\040\000m\000e\000s\000s\000a\000g\000i\000n\000g\000/}{}% 60
\BOOKMARK [2][-]{subsection.11.1}{\376\377\000m\000e\000s\000s\000a\000g\000i\000n\000g\000.\000b\000u\000s}{section.11}% 61
\BOOKMARK [2][-]{subsection.11.2}{\376\377\000m\000e\000s\000s\000a\000g\000i\000n\000g\000.\000i\000n\000\137\000m\000e\000m\000o\000r\000y\000\137\000b\000u\000s}{section.11}% 62
\BOOKMARK [2][-]{subsection.11.3}{\376\377\000m\000e\000s\000s\000a\000g\000i\000n\000g\000.\000k\000a\000f\000k\000a\000\137\000b\000u\000s}{section.11}% 63
\BOOKMARK [2][-]{subsection.11.4}{\376\377\000m\000e\000s\000s\000a\000g\000i\000n\000g\000.\000r\000e\000d\000i\000s\000\137\000b\000u\000s}{section.11}% 64
\BOOKMARK [1][-]{section.12}{\376\377\000M\000o\000d\000u\000l\000e\000\040\000m\000o\000n\000i\000t\000o\000r\000i\000n\000g\000/}{}% 65
\BOOKMARK [2][-]{subsection.12.1}{\376\377\000m\000o\000n\000i\000t\000o\000r\000i\000n\000g\000.\000m\000e\000t\000r\000i\000c\000s}{section.12}% 66
\BOOKMARK [2][-]{subsection.12.2}{\376\377\000m\000o\000n\000i\000t\000o\000r\000i\000n\000g\000.\000h\000e\000a\000l\000t\000h}{section.12}% 67
\BOOKMARK [2][-]{subsection.12.3}{\376\377\000m\000o\000n\000i\000t\000o\000r\000i\000n\000g\000.\000a\000l\000e\000r\000t\000s}{section.12}% 68
\BOOKMARK [1][-]{section.13}{\376\377\000M\000o\000d\000u\000l\000e\000\040\000b\000a\000c\000k\000t\000e\000s\000t\000/}{}% 69
\BOOKMARK [2][-]{subsection.13.1}{\376\377\000b\000a\000c\000k\000t\000e\000s\000t\000.\000s\000l\000i\000p\000p\000a\000g\000e}{section.13}% 70
\BOOKMARK [2][-]{subsection.13.2}{\376\377\000b\000a\000c\000k\000t\000e\000s\000t\000.\000c\000o\000m\000m\000i\000s\000s\000i\000o\000n}{section.13}% 71
\BOOKMARK [2][-]{subsection.13.3}{\376\377\000b\000a\000c\000k\000t\000e\000s\000t\000.\000r\000e\000p\000l\000a\000y}{section.13}% 72
\BOOKMARK [2][-]{subsection.13.4}{\376\377\000b\000a\000c\000k\000t\000e\000s\000t\000.\000e\000n\000g\000i\000n\000e}{section.13}% 73
\BOOKMARK [2][-]{subsection.13.5}{\376\377\000b\000a\000c\000k\000t\000e\000s\000t\000.\000r\000e\000p\000o\000r\000t\000s}{section.13}% 74
\BOOKMARK [1][-]{section.14}{\376\377\000M\000o\000d\000u\000l\000e\000\040\000a\000p\000p\000/}{}% 75
\BOOKMARK [2][-]{subsection.14.1}{\376\377\000a\000p\000p\000.\000t\000o\000p\000i\000c\000s}{section.14}% 76
\BOOKMARK [2][-]{subsection.14.2}{\376\377\000a\000p\000p\000.\000w\000i\000r\000i\000n\000g}{section.14}% 77
\BOOKMARK [2][-]{subsection.14.3}{\376\377\000a\000p\000p\000.\000r\000u\000n\000\137\000m\000a\000r\000k\000e\000t\000\137\000d\000a\000t\000a}{section.14}% 78
\BOOKMARK [2][-]{subsection.14.4}{\376\377\000a\000p\000p\000.\000r\000u\000n\000\137\000s\000t\000r\000a\000t\000e\000g\000y}{section.14}% 79
\BOOKMARK [2][-]{subsection.14.5}{\376\377\000a\000p\000p\000.\000r\000u\000n\000\137\000e\000x\000e\000c\000u\000t\000i\000o\000n}{section.14}% 80
\BOOKMARK [2][-]{subsection.14.6}{\376\377\000a\000p\000p\000.\000r\000u\000n\000\137\000r\000e\000c\000o\000n\000c\000i\000l\000e\000r}{section.14}% 81
\BOOKMARK [2][-]{subsection.14.7}{\376\377\000a\000p\000p\000.\000r\000u\000n\000\137\000a\000l\000l\000\137\000l\000o\000c\000a\000l}{section.14}% 82
\BOOKMARK [1][-]{section.15}{\376\377\000T\000o\000p\000o\000l\000o\000g\000y\000\040\000\046\000\040\000g\000u\000a\000r\000a\000n\000t\000e\000e\000s}{}% 83
\BOOKMARK [2][-]{subsection.15.1}{\376\377\000S\000e\000r\000v\000i\000c\000e\000\040\000b\000o\000u\000n\000d\000a\000r\000i\000e\000s}{section.15}% 84
\BOOKMARK [2][-]{subsection.15.2}{\376\377\000I\000d\000e\000m\000p\000o\000t\000e\000n\000c\000y\000\040\000\046\000\040\000a\000t\000-\000l\000e\000a\000s\000t\000-\000o\000n\000c\000e\000\040\000d\000e\000l\000i\000v\000e\000r\000y}{section.15}% 85
\BOOKMARK [2][-]{subsection.15.3}{\376\377\000S\000t\000a\000t\000e\000-\000m\000a\000c\000h\000i\000n\000e\000\040\000i\000n\000v\000a\000r\000i\000a\000n\000t\000s}{section.15}% 86
\BOOKMARK [2][-]{subsection.15.4}{\376\377\000P\000h\000a\000s\000e\000d\000\040\000r\000o\000l\000l\000o\000u\000t\000\040\000f\000l\000a\000g\000s}{section.15}% 87
\BOOKMARK [2][-]{subsection.15.5}{\376\377\000E\000r\000r\000o\000r\000\040\000b\000u\000d\000g\000e\000t\000\040\000f\000o\000r\000\040\000l\000i\000v\000e\000\040\000t\000r\000a\000d\000i\000n\000g}{section.15}% 88
\BOOKMARK [1][-]{section.16}{\376\377\000Q\000u\000i\000c\000k\000\040\000r\000e\000f\000e\000r\000e\000n\000c\000e\000\040\040\024\000\040\000m\000i\000n\000i\000m\000u\000m\000\040\000c\000o\000n\000t\000r\000a\000c\000t\000s\000\040\000t\000o\000\040\000s\000a\000t\000i\000s\000f\000y\000\040\000w\000h\000e\000n\000\040\000e\000x\000t\000e\000n\000d\000i\000n\000g}{}% 89
\BOOKMARK [2][-]{subsection.16.1}{\376\377\000A\000d\000d\000i\000n\000g\000\040\000a\000\040\000m\000a\000r\000k\000e\000t\000-\000d\000a\000t\000a\000\040\000v\000e\000n\000d\000o\000r}{section.16}% 90
\BOOKMARK [2][-]{subsection.16.2}{\376\377\000A\000d\000d\000i\000n\000g\000\040\000a\000\040\000v\000e\000n\000u\000e}{section.16}% 91
\BOOKMARK [2][-]{subsection.16.3}{\376\377\000A\000d\000d\000i\000n\000g\000\040\000a\000\040\000s\000t\000r\000a\000t\000e\000g\000y}{section.16}% 92
\BOOKMARK [2][-]{subsection.16.4}{\376\377\000A\000d\000d\000i\000n\000g\000\040\000a\000\040\000r\000i\000s\000k\000\040\000c\000h\000e\000c\000k}{section.16}% 93
\BOOKMARK [2][-]{subsection.16.5}{\376\377\000A\000d\000d\000i\000n\000g\000\040\000a\000\040\000b\000u\000s\000\040\000i\000m\000p\000l\000e\000m\000e\000n\000t\000a\000t\000i\000o\000n}{section.16}% 94
\BOOKMARK [1][-]{section.17}{\376\377\000T\000e\000s\000t\000\040\000c\000o\000n\000t\000r\000a\000c\000t\000\040\000s\000u\000r\000f\000a\000c\000e}{}% 95
